<?xml version="1.0" encoding="UTF-8"?>
<!-- Generated by org.testng.reporters.JUnitXMLReporter -->
<testsuite ignored="0" hostname="SRIRAMA1020" failures="0" tests="7" name="Ninja CRM App Test Cases" time="28.422" errors="0" timestamp="2023-12-26T17:52:24 EST">
  <testcase classname="co.crm.qa.testcases.LoginPageTest" name="loginPageTestTitle" time="0.014"/>
  <testcase classname="co.crm.qa.testcases.LoginPageTest" name="loginTest" time="0.949"/>
  <testcase classname="co.crm.qa.testcases.LoginPageTest" name="CurrencySelectionTest" time="0.052"/>
  <testcase classname="co.crm.qa.testcases.LoginPageTest" name="EuroCurrencySelection" time="0.791"/>
  <testcase classname="co.crm.qa.testcases.HomePageTest" name="validateHomePageTitle" time="0.011"/>
  <testcase classname="co.crm.qa.testcases.HomePageTest" name="VerifyCameraLinkTest" time="1.254"/>
  <testcase classname="co.crm.qa.testcases.HomePageTest" name="VerifyLaptopsNoteBooksLnkTest" time="0.05"/>
</testsuite> <!-- Ninja CRM App Test Cases -->
