<?xml version="1.0" encoding="UTF-8"?>
<!-- Generated by org.testng.reporters.JUnitXMLReporter -->
<testsuite ignored="0" hostname="SRIRAMA1020" failures="0" tests="3" name="Ninja CRM App Test Cases" time="11.016" errors="0" timestamp="2024-01-09T15:15:30 EST">
  <testcase classname="co.crm.qa.testcases.LoginPageTest" name="loginTest" time="0.586"/>
  <testcase classname="co.crm.qa.testcases.HomePageTest" name="validateHomePageTitle" time="1.261"/>
  <testcase classname="co.crm.qa.testcases.HomePageTest" name="ProductPackagesTest" time="1.376"/>
</testsuite> <!-- Ninja CRM App Test Cases -->
